0 info it worked if it ends with ok
1 verbose cli [ '/home/peter/.nvm/versions/node/v5.10.0/bin/node',
1 verbose cli   '/home/peter/.nvm/versions/node/v5.10.0/bin/npm',
1 verbose cli   'run',
1 verbose cli   'release' ]
2 info using npm@3.8.3
3 info using node@v5.10.0
4 verbose run-script [ 'prerelease', 'release', 'postrelease' ]
5 info lifecycle request-interceptor@1.0.0~prerelease: request-interceptor@1.0.0
6 silly lifecycle request-interceptor@1.0.0~prerelease: no script for prerelease, continuing
7 info lifecycle request-interceptor@1.0.0~release: request-interceptor@1.0.0
8 verbose lifecycle request-interceptor@1.0.0~release: unsafe-perm in lifecycle true
9 verbose lifecycle request-interceptor@1.0.0~release: PATH: /home/peter/.nvm/versions/node/v5.10.0/lib/node_modules/npm/bin/node-gyp-bin:/home/peter/foss/request-interceptor/node_modules/.bin:/home/peter/.nvm/versions/node/v5.10.0/bin:/home/peter/.nvm/versions/node/v5.10.0/bin:/home/peter/bin:/usr/local/bin:/home/peter/.local/lib/python2.7/site-packages:/usr/local/sbin:/usr/local/bin:/usr/sbin:/usr/bin:/sbin:/bin:/usr/games:/usr/local/games:/usr/local/go/bin:/usr/local/go/bin:/home/peter/go/bin
10 verbose lifecycle request-interceptor@1.0.0~release: CWD: /home/peter/foss/request-interceptor
11 silly lifecycle request-interceptor@1.0.0~release: Args: [ '-c', 'np' ]
12 silly lifecycle request-interceptor@1.0.0~release: Returned: code: 1  signal: null
13 info lifecycle request-interceptor@1.0.0~release: Failed to exec release script
14 verbose stack Error: request-interceptor@1.0.0 release: `np`
14 verbose stack Exit status 1
14 verbose stack     at EventEmitter.<anonymous> (/home/peter/.nvm/versions/node/v5.10.0/lib/node_modules/npm/lib/utils/lifecycle.js:239:16)
14 verbose stack     at emitTwo (events.js:100:13)
14 verbose stack     at EventEmitter.emit (events.js:185:7)
14 verbose stack     at ChildProcess.<anonymous> (/home/peter/.nvm/versions/node/v5.10.0/lib/node_modules/npm/lib/utils/spawn.js:24:14)
14 verbose stack     at emitTwo (events.js:100:13)
14 verbose stack     at ChildProcess.emit (events.js:185:7)
14 verbose stack     at maybeClose (internal/child_process.js:850:16)
14 verbose stack     at Process.ChildProcess._handle.onexit (internal/child_process.js:215:5)
15 verbose pkgid request-interceptor@1.0.0
16 verbose cwd /home/peter/foss/request-interceptor
17 error Linux 4.4.0-21-generic
18 error argv "/home/peter/.nvm/versions/node/v5.10.0/bin/node" "/home/peter/.nvm/versions/node/v5.10.0/bin/npm" "run" "release"
19 error node v5.10.0
20 error npm  v3.8.3
21 error code ELIFECYCLE
22 error request-interceptor@1.0.0 release: `np`
22 error Exit status 1
23 error Failed at the request-interceptor@1.0.0 release script 'np'.
23 error Make sure you have the latest version of node.js and npm installed.
23 error If you do, this is most likely a problem with the request-interceptor package,
23 error not with npm itself.
23 error Tell the author that this fails on your system:
23 error     np
23 error You can get information on how to open an issue for this project with:
23 error     npm bugs request-interceptor
23 error Or if that isn't available, you can get their info via:
23 error     npm owner ls request-interceptor
23 error There is likely additional logging output above.
24 verbose exit [ 1, true ]
